<?xml version="1.0" encoding="UTF-8"?>
<!-- Generated by org.testng.reporters.JUnitReportReporter -->
<testsuite hostname="CNJ-ASHANK2CGII" name="TestNG.Parallel" tests="14" failures="0" timestamp="12 Feb 2017 20:28:35 GMT" time="0.086" errors="0">
  <testcase name="tc3" time="0.030" classname="TestNG.Parallel"/>
  <testcase name="tc7" time="0.002" classname="TestNG.Parallel"/>
  <testcase name="tc2" time="0.003" classname="TestNG.Parallel"/>
  <testcase name="tc6" time="0.003" classname="TestNG.Parallel"/>
  <testcase name="tc6" time="0.005" classname="TestNG.Parallel"/>
  <testcase name="tc3" time="0.005" classname="TestNG.Parallel"/>
  <testcase name="tc4" time="0.003" classname="TestNG.Parallel"/>
  <testcase name="tc1" time="0.013" classname="TestNG.Parallel"/>
  <testcase name="tc2" time="0.003" classname="TestNG.Parallel"/>
  <testcase name="tc5" time="0.002" classname="TestNG.Parallel"/>
  <testcase name="tc1" time="0.013" classname="TestNG.Parallel"/>
  <testcase name="tc5" time="0.002" classname="TestNG.Parallel"/>
  <testcase name="tc4" time="0.001" classname="TestNG.Parallel"/>
  <testcase name="tc7" time="0.001" classname="TestNG.Parallel"/>
</testsuite> <!-- TestNG.Parallel -->
