<?xml version="1.0" encoding="UTF-8"?>
<!-- Generated by org.testng.reporters.JUnitReportReporter -->
<testsuite hostname="CNJ-ASHANK2CGII" name="TestNG.Report" tests="5" failures="0" timestamp="12 Feb 2017 16:45:39 GMT" time="0.046" errors="0">
  <testcase name="tc04" time="0.002" classname="TestNG.Report"/>
  <testcase name="tc02" time="0.006" classname="TestNG.Report"/>
  <testcase name="tc05" time="0.007" classname="TestNG.Report"/>
  <testcase name="tc03" time="0.009" classname="TestNG.Report"/>
  <testcase name="tc01" time="0.022" classname="TestNG.Report"/>
</testsuite> <!-- TestNG.Report -->
