<?xml version="1.0" encoding="UTF-8"?>
<!-- Generated by org.testng.reporters.JUnitReportReporter -->
<testsuite hostname="CNJ-ASHANK2CGII" name="TestNG.Basic_TestNG" tests="1" failures="0" timestamp="12 Feb 2017 13:44:36 GMT" time="0.012" errors="0">
  <testcase name="appTest" time="0.012" classname="TestNG.Basic_TestNG"/>
</testsuite> <!-- TestNG.Basic_TestNG -->
