<?xml version="1.0" encoding="UTF-8"?>
<!-- Generated by org.testng.reporters.JUnitReportReporter -->
<testsuite hostname="CNJ-ASHANK2CGII" name="TestNG.Disabling" tests="2" failures="0" timestamp="12 Feb 2017 20:03:49 GMT" time="0.014" errors="0">
  <testcase name="testtc3" time="0.003" classname="TestNG.Disabling"/>
  <testcase name="testtc1" time="0.011" classname="TestNG.Disabling"/>
</testsuite> <!-- TestNG.Disabling -->
