<?xml version="1.0" encoding="UTF-8"?>
<!-- Generated by org.testng.reporters.JUnitReportReporter -->
<testsuite hostname="CNJ-ASHANK2CGII" name="TestNG.Grouping" tests="5" failures="0" timestamp="12 Feb 2017 20:08:51 GMT" time="0.023" errors="0">
  <testcase name="tc7" time="0.002" classname="TestNG.Grouping"/>
  <testcase name="tc2" time="0.013" classname="TestNG.Grouping"/>
  <testcase name="tc5" time="0.004" classname="TestNG.Grouping"/>
  <testcase name="tc3" time="0.002" classname="TestNG.Grouping"/>
  <testcase name="tc6" time="0.002" classname="TestNG.Grouping"/>
</testsuite> <!-- TestNG.Grouping -->
