<?xml version="1.0" encoding="UTF-8"?>
<!-- Generated by org.testng.reporters.JUnitReportReporter -->
<testsuite hostname="CNJ-ASHANK2CGII" name="TestNG.Annotations" tests="7" failures="0" timestamp="12 Feb 2017 16:42:25 GMT" time="0.036" errors="0">
  <testcase name="tc6" time="0.006" classname="TestNG.Annotations"/>
  <testcase name="tc1" time="0.010" classname="TestNG.Annotations"/>
  <testcase name="tc5" time="0.004" classname="TestNG.Annotations"/>
  <testcase name="tc7" time="0.002" classname="TestNG.Annotations"/>
  <testcase name="tc4" time="0.006" classname="TestNG.Annotations"/>
  <testcase name="tc3" time="0.004" classname="TestNG.Annotations"/>
  <testcase name="tc2" time="0.004" classname="TestNG.Annotations"/>
</testsuite> <!-- TestNG.Annotations -->
